<?xml version="1.0" encoding="UTF-8" ?>
<testsuite failures="0" time="0.087" errors="0" skipped="0" tests="1" name="foo.bar.server.service.Slim3ServiceTest">
  <properties>
    <property name="java.runtime.name" value="Java(TM) SE Runtime Environment"/>
    <property name="sun.boot.library.path" value="C:\Program Files\Java\jdk1.6.0_21\jre\bin"/>
    <property name="java.vm.version" value="17.0-b17"/>
    <property name="java.vm.vendor" value="Sun Microsystems Inc."/>
    <property name="java.vendor.url" value="http://java.sun.com/"/>
    <property name="path.separator" value=";"/>
    <property name="java.vm.name" value="Java HotSpot(TM) Client VM"/>
    <property name="file.encoding.pkg" value="sun.io"/>
    <property name="user.country" value="JP"/>
    <property name="sun.java.launcher" value="SUN_STANDARD"/>
    <property name="sun.os.patch.level" value="Service Pack 1"/>
    <property name="java.vm.specification.name" value="Java Virtual Machine Specification"/>
    <property name="user.dir" value="D:\usr\local\workspace\TestProject2"/>
    <property name="java.runtime.version" value="1.6.0_21-b07"/>
    <property name="java.awt.graphicsenv" value="sun.awt.Win32GraphicsEnvironment"/>
    <property name="basedir" value="D:\usr\local\workspace\TestProject2"/>
    <property name="java.endorsed.dirs" value="C:\Program Files\Java\jdk1.6.0_21\jre\lib\endorsed"/>
    <property name="os.arch" value="x86"/>
    <property name="surefire.real.class.path" value="D:\usr\local\workspace\TestProject2\target\surefire\surefirebooter8533333174648821772.jar"/>
    <property name="java.io.tmpdir" value="C:\Users\OHASHI~1\AppData\Local\Temp\"/>
    <property name="line.separator" value="
"/>
    <property name="java.vm.specification.vendor" value="Sun Microsystems Inc."/>
    <property name="user.variant" value=""/>
    <property name="os.name" value="Windows 7"/>
    <property name="sun.jnu.encoding" value="MS932"/>
    <property name="java.library.path" value="C:\Program Files\Java\jdk1.6.0_21\jre\bin;.;C:\windows\Sun\Java\bin;C:\windows\system32;C:\windows;.;D:\usr\local\android-sdk\platform-tools;C:\Program Files\Java\jdk1.6.0_21\bin;D:\usr\local\maven-2.2.1\bin;C:\windows\system32;C:\windows;C:\windows\System32\Wbem;C:\windows\System32\WindowsPowerShell\v1.0\;C:\Program Files\Common Files\Roxio Shared\DLLShared\;C:\Program Files\Common Files\Roxio Shared\10.0\DLLShared\;C:\Program Files\TortoiseGit\bin;C:\Program Files\Mercurial\;C:\Program Files\TortoiseHg\;"/>
    <property name="surefire.test.class.path" value="D:\usr\local\workspace\TestProject2\target\test-classes;D:\usr\local\workspace\TestProject2\war\WEB-INF\classes;C:\Users\ohashi keisuke\.m2\repository\org\slim3\slim3\1.0.10\slim3-1.0.10.jar;C:\Users\ohashi keisuke\.m2\repository\com\google\appengine\appengine-api-1.0-sdk\1.4.3\appengine-api-1.0-sdk-1.4.3.jar;C:\Users\ohashi keisuke\.m2\repository\com\google\appengine\appengine-api-labs\1.4.3\appengine-api-labs-1.4.3.jar;C:\Users\ohashi keisuke\.m2\repository\org\slim3\slim3-gen\1.0.10\slim3-gen-1.0.10.jar;C:\Users\ohashi keisuke\.m2\repository\com\google\gwt\gwt-servlet\2.2.0\gwt-servlet-2.2.0.jar;C:\Users\ohashi keisuke\.m2\repository\com\google\gwt\gwt-user\2.2.0\gwt-user-2.2.0.jar;C:\Users\ohashi keisuke\.m2\repository\javax\servlet\servlet-api\2.5\servlet-api-2.5.jar;C:\Users\ohashi keisuke\.m2\repository\junit\junit\4.7\junit-4.7.jar;C:\Users\ohashi keisuke\.m2\repository\com\google\appengine\appengine-api-stubs\1.4.3\appengine-api-stubs-1.4.3.jar;C:\Users\ohashi keisuke\.m2\repository\com\google\appengine\appengine-local-runtime\1.4.3\appengine-local-runtime-1.4.3.jar;"/>
    <property name="java.specification.name" value="Java Platform API Specification"/>
    <property name="java.class.version" value="50.0"/>
    <property name="sun.management.compiler" value="HotSpot Client Compiler"/>
    <property name="os.version" value="6.1"/>
    <property name="user.home" value="C:\Users\ohashi keisuke"/>
    <property name="user.timezone" value="Asia/Tokyo"/>
    <property name="java.awt.printerjob" value="sun.awt.windows.WPrinterJob"/>
    <property name="java.specification.version" value="1.6"/>
    <property name="file.encoding" value="MS932"/>
    <property name="user.name" value="ohashi keisuke"/>
    <property name="java.class.path" value="D:\usr\local\workspace\TestProject2\target\test-classes;D:\usr\local\workspace\TestProject2\war\WEB-INF\classes;C:\Users\ohashi keisuke\.m2\repository\org\slim3\slim3\1.0.10\slim3-1.0.10.jar;C:\Users\ohashi keisuke\.m2\repository\com\google\appengine\appengine-api-1.0-sdk\1.4.3\appengine-api-1.0-sdk-1.4.3.jar;C:\Users\ohashi keisuke\.m2\repository\com\google\appengine\appengine-api-labs\1.4.3\appengine-api-labs-1.4.3.jar;C:\Users\ohashi keisuke\.m2\repository\org\slim3\slim3-gen\1.0.10\slim3-gen-1.0.10.jar;C:\Users\ohashi keisuke\.m2\repository\com\google\gwt\gwt-servlet\2.2.0\gwt-servlet-2.2.0.jar;C:\Users\ohashi keisuke\.m2\repository\com\google\gwt\gwt-user\2.2.0\gwt-user-2.2.0.jar;C:\Users\ohashi keisuke\.m2\repository\javax\servlet\servlet-api\2.5\servlet-api-2.5.jar;C:\Users\ohashi keisuke\.m2\repository\junit\junit\4.7\junit-4.7.jar;C:\Users\ohashi keisuke\.m2\repository\com\google\appengine\appengine-api-stubs\1.4.3\appengine-api-stubs-1.4.3.jar;C:\Users\ohashi keisuke\.m2\repository\com\google\appengine\appengine-local-runtime\1.4.3\appengine-local-runtime-1.4.3.jar;"/>
    <property name="java.vm.specification.version" value="1.0"/>
    <property name="sun.arch.data.model" value="32"/>
    <property name="java.home" value="C:\Program Files\Java\jdk1.6.0_21\jre"/>
    <property name="java.specification.vendor" value="Sun Microsystems Inc."/>
    <property name="user.language" value="ja"/>
    <property name="awt.toolkit" value="sun.awt.windows.WToolkit"/>
    <property name="java.vm.info" value="mixed mode, sharing"/>
    <property name="java.version" value="1.6.0_21"/>
    <property name="java.ext.dirs" value="C:\Program Files\Java\jdk1.6.0_21\jre\lib\ext;C:\windows\Sun\Java\lib\ext"/>
    <property name="sun.boot.class.path" value="C:\Program Files\Java\jdk1.6.0_21\jre\lib\resources.jar;C:\Program Files\Java\jdk1.6.0_21\jre\lib\rt.jar;C:\Program Files\Java\jdk1.6.0_21\jre\lib\sunrsasign.jar;C:\Program Files\Java\jdk1.6.0_21\jre\lib\jsse.jar;C:\Program Files\Java\jdk1.6.0_21\jre\lib\jce.jar;C:\Program Files\Java\jdk1.6.0_21\jre\lib\charsets.jar;C:\Program Files\Java\jdk1.6.0_21\jre\classes"/>
    <property name="java.vendor" value="Sun Microsystems Inc."/>
    <property name="localRepository" value="C:\Users\ohashi keisuke\.m2\repository"/>
    <property name="file.separator" value="\"/>
    <property name="java.vendor.url.bug" value="http://java.sun.com/cgi-bin/bugreport.cgi"/>
    <property name="sun.cpu.endian" value="little"/>
    <property name="sun.io.unicode.encoding" value="UnicodeLittle"/>
    <property name="sun.desktop" value="windows"/>
    <property name="sun.cpu.isalist" value="pentium_pro+mmx pentium_pro pentium+mmx pentium i486 i386 i86"/>
  </properties>
  <testcase time="0.031" classname="foo.bar.server.service.Slim3ServiceTest" name="slim3test1"/>
</testsuite>